{"C:\\Users\\mxmco\\Documents\\epsi\\LeafyLinks\\components\\StyledText.tsx": {"path":"C:\\Users\\mxmco\\Documents\\epsi\\LeafyLinks\\components\\StyledText.tsx","statementMap":{"0":{"start":{"line":4,"column":2},"end":{"line":4,"column":76}}},"fnMap":{"0":{"name":"MonoText","decl":{"start":{"line":3,"column":16},"end":{"line":3,"column":24}},"loc":{"start":{"line":3,"column":43},"end":{"line":5,"column":1}},"line":3}},"branchMap":{},"s":{"0":1},"f":{"0":1},"b":{},"_coverageSchema":"1a1c01bbd47fc00a2c39e90264f33305004495a9","hash":"8041f88b3db22e66b81094a747fb7bdbeb40da15"}
,"C:\\Users\\mxmco\\Documents\\epsi\\LeafyLinks\\components\\Themed.tsx": {"path":"C:\\Users\\mxmco\\Documents\\epsi\\LeafyLinks\\components\\Themed.tsx","statementMap":{"0":{"start":{"line":25,"column":16},"end":{"line":25,"column":43}},"1":{"start":{"line":26,"column":25},"end":{"line":26,"column":37}},"2":{"start":{"line":28,"column":2},"end":{"line":32,"column":3}},"3":{"start":{"line":29,"column":4},"end":{"line":29,"column":26}},"4":{"start":{"line":31,"column":4},"end":{"line":31,"column":36}},"5":{"start":{"line":36,"column":58},"end":{"line":36,"column":63}},"6":{"start":{"line":37,"column":16},"end":{"line":37,"column":77}},"7":{"start":{"line":39,"column":2},"end":{"line":39,"column":68}},"8":{"start":{"line":43,"column":58},"end":{"line":43,"column":63}},"9":{"start":{"line":44,"column":16},"end":{"line":44,"column":77}},"10":{"start":{"line":46,"column":2},"end":{"line":46,"column":73}},"11":{"start":{"line":50,"column":58},"end":{"line":50,"column":63}},"12":{"start":{"line":51,"column":26},"end":{"line":51,"column":93}},"13":{"start":{"line":53,"column":2},"end":{"line":53,"column":78}}},"fnMap":{"0":{"name":"useThemeColor","decl":{"start":{"line":21,"column":16},"end":{"line":21,"column":29}},"loc":{"start":{"line":24,"column":2},"end":{"line":33,"column":1}},"line":24},"1":{"name":"Text","decl":{"start":{"line":35,"column":16},"end":{"line":35,"column":20}},"loc":{"start":{"line":35,"column":39},"end":{"line":40,"column":1}},"line":35},"2":{"name":"TextInput","decl":{"start":{"line":42,"column":16},"end":{"line":42,"column":25}},"loc":{"start":{"line":42,"column":49},"end":{"line":47,"column":1}},"line":42},"3":{"name":"View","decl":{"start":{"line":49,"column":16},"end":{"line":49,"column":20}},"loc":{"start":{"line":49,"column":39},"end":{"line":54,"column":1}},"line":49}},"branchMap":{"0":{"loc":{"start":{"line":25,"column":16},"end":{"line":25,"column":43}},"type":"binary-expr","locations":[{"start":{"line":25,"column":16},"end":{"line":25,"column":32}},{"start":{"line":25,"column":36},"end":{"line":25,"column":43}}],"line":25},"1":{"loc":{"start":{"line":28,"column":2},"end":{"line":32,"column":3}},"type":"if","locations":[{"start":{"line":28,"column":2},"end":{"line":32,"column":3}},{"start":{"line":30,"column":9},"end":{"line":32,"column":3}}],"line":28}},"s":{"0":1,"1":1,"2":1,"3":0,"4":1,"5":1,"6":1,"7":1,"8":0,"9":0,"10":0,"11":0,"12":0,"13":0},"f":{"0":1,"1":1,"2":0,"3":0},"b":{"0":[1,0],"1":[0,1]},"_coverageSchema":"1a1c01bbd47fc00a2c39e90264f33305004495a9","hash":"90a8fad58d93ba5b21f3d6394ff92f7e9f5507be"}
,"C:\\Users\\mxmco\\Documents\\epsi\\LeafyLinks\\constants\\Colors.ts": {"path":"C:\\Users\\mxmco\\Documents\\epsi\\LeafyLinks\\constants\\Colors.ts","statementMap":{"0":{"start":{"line":1,"column":23},"end":{"line":1,"column":32}},"1":{"start":{"line":2,"column":22},"end":{"line":2,"column":28}}},"fnMap":{},"branchMap":{},"s":{"0":1,"1":1},"f":{},"b":{},"_coverageSchema":"1a1c01bbd47fc00a2c39e90264f33305004495a9","hash":"7b2baf13694adb6b0878a85922199fa75fa29bd4"}
}
