TN:
SF:components\StyledText.tsx
FN:3,MonoText
FNF:1
FNH:1
FNDA:1,MonoText
DA:4,1
LF:1
LH:1
BRF:0
BRH:0
end_of_record
TN:
SF:components\Themed.tsx
FN:21,useThemeColor
FN:35,Text
FN:42,TextInput
FN:49,View
FNF:4
FNH:2
FNDA:1,useThemeColor
FNDA:1,Text
FNDA:0,TextInput
FNDA:0,View
DA:25,1
DA:26,1
DA:28,1
DA:29,0
DA:31,1
DA:36,1
DA:37,1
DA:39,1
DA:43,0
DA:44,0
DA:46,0
DA:50,0
DA:51,0
DA:53,0
LF:14
LH:7
BRDA:25,0,0,1
BRDA:25,0,1,0
BRDA:28,1,0,0
BRDA:28,1,1,1
BRF:4
BRH:2
end_of_record
TN:
SF:constants\Colors.ts
FNF:0
FNH:0
DA:1,1
DA:2,1
LF:2
LH:2
BRF:0
BRH:0
end_of_record
